<?xml version="1.0" encoding="UTF-8"?>
<!-- Generated by org.testng.reporters.JUnitReportReporter -->
<testsuite hostname="Sneha" failures="0" tests="2" name="SeleniumTestingOct.SeleniumTesting.TestNG2Grouping" time="0.021" errors="0" timestamp="2024-11-20T09:47:59 IST" skipped="0">
  <testcase classname="SeleniumTestingOct.SeleniumTesting.TestNG2Grouping" name="Test3" time="0.003"/>
  <testcase classname="SeleniumTestingOct.SeleniumTesting.TestNG2Grouping" name="Test2" time="0.018"/>
</testsuite> <!-- SeleniumTestingOct.SeleniumTesting.TestNG2Grouping -->
