<?xml version="1.0" encoding="UTF-8"?>
<!-- Generated by org.testng.reporters.JUnitReportReporter -->
<testsuite hostname="Sneha" failures="0" tests="4" name="Test.Class.LoginTest" time="7.944" errors="0" timestamp="2024-12-05T10:33:50 IST" skipped="1">
  <testcase classname="Test.Class.LoginTest" name="validlogintest" time="3.619"/>
  <testcase classname="Test.Class.LoginTest" name="titletest" time="2.149"/>
  <testcase classname="Test.Class.LoginTest" name="emptyLogin" time="2.176"/>
  <testcase classname="Test.Class.LoginTest" name="invalidlogintest">
    <skipped/>
  </testcase> <!-- invalidlogintest -->
</testsuite> <!-- Test.Class.LoginTest -->
