<?xml version="1.0" encoding="UTF-8"?>
<!-- Generated by org.testng.reporters.JUnitReportReporter -->
<testsuite hostname="Sneha" failures="0" tests="3" name="SeleniumTestingOct.SeleniumTesting.TestNG3EandD" time="0.013" errors="0" timestamp="2024-11-20T22:32:25 IST" skipped="1">
  <testcase classname="SeleniumTestingOct.SeleniumTesting.TestNG3EandD" name="Test1" time="0.012"/>
  <testcase classname="SeleniumTestingOct.SeleniumTesting.TestNG3EandD" name="Test3" time="0.001"/>
  <testcase classname="SeleniumTestingOct.SeleniumTesting.TestNG3EandD" name="Test2">
    <skipped/>
  </testcase> <!-- Test2 -->
</testsuite> <!-- SeleniumTestingOct.SeleniumTesting.TestNG3EandD -->
