<?xml version="1.0" encoding="UTF-8"?>
<!-- Generated by org.testng.reporters.JUnitReportReporter -->
<testsuite hostname="Sneha" failures="0" tests="3" name="SeleniumTestingOct.SeleniumTesting.TestNGDependencies" time="0.015" errors="0" timestamp="2024-11-20T22:59:27 IST" skipped="0">
  <testcase classname="SeleniumTestingOct.SeleniumTesting.TestNGDependencies" name="Test1" time="0.011"/>
  <testcase classname="SeleniumTestingOct.SeleniumTesting.TestNGDependencies" name="Test3" time="0.002"/>
  <testcase classname="SeleniumTestingOct.SeleniumTesting.TestNGDependencies" name="Test2" time="0.002"/>
</testsuite> <!-- SeleniumTestingOct.SeleniumTesting.TestNGDependencies -->
