<?xml version="1.0" encoding="UTF-8"?>
<!-- Generated by org.testng.reporters.JUnitReportReporter -->
<testsuite hostname="Sneha" failures="0" tests="5" name="SeleniumTestingOct.SeleniumTesting.TestNGSession" time="0.019" errors="0" timestamp="2024-11-19T09:41:36 IST" skipped="0">
  <testcase classname="SeleniumTestingOct.SeleniumTesting.TestNGSession" name="test" time="0.007"/>
  <testcase classname="SeleniumTestingOct.SeleniumTesting.TestNGSession" name="LoginTest" time="0.006"/>
  <testcase classname="SeleniumTestingOct.SeleniumTesting.TestNGSession" name="cartTest" time="0.001"/>
  <testcase classname="SeleniumTestingOct.SeleniumTesting.TestNGSession" name="HomePageTest" time="0.003"/>
  <testcase classname="SeleniumTestingOct.SeleniumTesting.TestNGSession" name="ProductTest" time="0.002"/>
</testsuite> <!-- SeleniumTestingOct.SeleniumTesting.TestNGSession -->
