<?xml version="1.0" encoding="UTF-8"?>
<!-- Generated by org.testng.reporters.JUnitReportReporter -->
<testsuite hostname="Sneha" failures="0" tests="3" name="SeleniumTestingOct.SeleniumTesting.TestNGParameterization" time="0.017" errors="0" timestamp="2024-11-20T23:07:47 IST" skipped="0">
  <testcase classname="SeleniumTestingOct.SeleniumTesting.TestNGParameterization" name="Test3" time="0.002"/>
  <testcase classname="SeleniumTestingOct.SeleniumTesting.TestNGParameterization" name="Test2" time="0.002"/>
  <testcase classname="SeleniumTestingOct.SeleniumTesting.TestNGParameterization" name="Test1" time="0.013"/>
</testsuite> <!-- SeleniumTestingOct.SeleniumTesting.TestNGParameterization -->
